Unity Editor version:    2020.3.28f1 (f5400f52e03f)
Branch:                  2020.3/staging
Build type:              Release
Batch mode:              YES
macOS version:           Version 12.2.1 (Build 21D62)
Darwin version:          21.3.0
Architecture:            x86_64
Running under Rosetta:   YES
Available memory:        16384 MB
Using pre-set license
Pro License: NO

COMMAND LINE ARGUMENTS:
/Applications/Unity/Hub/Editor/2020.3.28f1/Unity.app/Contents/MacOS/Unity
-adb2
-batchMode
-noUpm
-name
AssetImportWorker0
-projectPath
/Users/ang/Documents/GitHub/AnimacionParticulas_C12022/AprendiendoParticulas
-logFile
Logs/AssetImportWorker0.log
-srvPort
51829
Successfully changed project path to: /Users/ang/Documents/GitHub/AnimacionParticulas_C12022/AprendiendoParticulas
/Users/ang/Documents/GitHub/AnimacionParticulas_C12022/AprendiendoParticulas
Using Asset Import Pipeline V2.
Refreshing native plugins compatible for Editor in 30.95 ms, found 2 plugins.
Preloading 0 native plugins for Editor in 0.00 ms.
Initialize engine version: 2020.3.28f1 (f5400f52e03f)
[Subsystems] Discovering subsystems at path /Applications/Unity/Hub/Editor/2020.3.28f1/Unity.app/Contents/Resources/UnitySubsystems
[Subsystems] Discovering subsystems at path /Users/ang/Documents/GitHub/AnimacionParticulas_C12022/AprendiendoParticulas/Assets
GfxDevice: creating device client; threaded=0
2022-02-21 18:21:39.230 Unity[67006:791087] (null) preferred device: Apple M1 Pro (high power)
2022-02-21 18:21:39.230 Unity[67006:791087] Metal devices available: 1
2022-02-21 18:21:39.230 Unity[67006:791087] 0: Apple M1 Pro (high power)
2022-02-21 18:21:39.230 Unity[67006:791087] Using device Apple M1 Pro (high power)
Initializing Metal device caps: Apple M1 Pro
Initialize mono
Mono path[0] = '/Applications/Unity/Hub/Editor/2020.3.28f1/Unity.app/Contents/Managed'
Mono path[1] = '/Applications/Unity/Hub/Editor/2020.3.28f1/Unity.app/Contents/MonoBleedingEdge/lib/mono/unityjit'
Mono config path = '/Applications/Unity/Hub/Editor/2020.3.28f1/Unity.app/Contents/MonoBleedingEdge/etc'
Using monoOptions --debugger-agent=transport=dt_socket,embedding=1,server=y,suspend=n,address=127.0.0.1:56006
Begin MonoManager ReloadAssembly
Registering precompiled unity dll's ...
Register platform support module: /Applications/Unity/Hub/Editor/2020.3.28f1/PlaybackEngines/WebGLSupport/UnityEditor.WebGL.Extensions.dll
Register platform support module: /Applications/Unity/Hub/Editor/2020.3.28f1/Unity.app/Contents/PlaybackEngines/MacStandaloneSupport/UnityEditor.OSXStandalone.Extensions.dll
Registered in 0.002572 seconds.
Native extension for OSXStandalone target not found
Native extension for WebGL target not found
Refreshing native plugins compatible for Editor in 30.72 ms, found 2 plugins.
Preloading 0 native plugins for Editor in 0.00 ms.
Mono: successfully reloaded assembly
- Completed reload, in  1.198 seconds
Domain Reload Profiling:
	ReloadAssembly (1198ms)
		BeginReloadAssembly (98ms)
			ExecutionOrderSort (0ms)
			DisableScriptedObjects (0ms)
			BackupInstance (0ms)
			ReleaseScriptingObjects (0ms)
			CreateAndSetChildDomain (2ms)
		EndReloadAssembly (989ms)
			LoadAssemblies (97ms)
			RebuildTransferFunctionScriptingTraits (0ms)
			SetupTypeCache (174ms)
			ReleaseScriptCaches (0ms)
			RebuildScriptCaches (43ms)
			SetupLoadedEditorAssemblies (492ms)
				LogAssemblyErrors (0ms)
				InitializePlatformSupportModulesInManaged (17ms)
				SetLoadedEditorAssemblies (1ms)
				RefreshPlugins (31ms)
				BeforeProcessingInitializeOnLoad (22ms)
				ProcessInitializeOnLoadAttributes (312ms)
				ProcessInitializeOnLoadMethodAttributes (109ms)
				AfterProcessingInitializeOnLoad (0ms)
				EditorAssembliesLoaded (1ms)
			ExecutionOrderSort2 (0ms)
			AwakeInstancesAfterBackupRestoration (0ms)
Platform modules already initialized, skipping
Registering precompiled user dll's ...
Registered in 0.003629 seconds.
Begin MonoManager ReloadAssembly
Native extension for OSXStandalone target not found
Native extension for WebGL target not found
Refreshing native plugins compatible for Editor in 0.35 ms, found 2 plugins.
Preloading 0 native plugins for Editor in 0.00 ms.
Mono: successfully reloaded assembly
- Completed reload, in  2.023 seconds
Domain Reload Profiling:
	ReloadAssembly (2025ms)
		BeginReloadAssembly (241ms)
			ExecutionOrderSort (0ms)
			DisableScriptedObjects (30ms)
			BackupInstance (0ms)
			ReleaseScriptingObjects (0ms)
			CreateAndSetChildDomain (30ms)
		EndReloadAssembly (1697ms)
			LoadAssemblies (185ms)
			RebuildTransferFunctionScriptingTraits (0ms)
			SetupTypeCache (310ms)
			ReleaseScriptCaches (0ms)
			RebuildScriptCaches (47ms)
			SetupLoadedEditorAssemblies (914ms)
				LogAssemblyErrors (0ms)
				InitializePlatformSupportModulesInManaged (16ms)
				SetLoadedEditorAssemblies (1ms)
				RefreshPlugins (0ms)
				BeforeProcessingInitializeOnLoad (104ms)
				ProcessInitializeOnLoadAttributes (765ms)
				ProcessInitializeOnLoadMethodAttributes (26ms)
				AfterProcessingInitializeOnLoad (1ms)
				EditorAssembliesLoaded (0ms)
			ExecutionOrderSort2 (0ms)
			AwakeInstancesAfterBackupRestoration (33ms)
Platform modules already initialized, skipping
Validating Project structure ... 0.001710 seconds.
Shader import version has changed; will reimport all shaders...
Upgrading shader files ...0.001246 seconds.
Application.AssetDatabase Initial Script Refresh Start
RefreshInfo: InitialScriptRefreshV2(NoUpdateAssetOptions) scanfilter:  ... 1 filters
RefreshProfiler: Total: 0.000ms
Application.AssetDatabase Initial Script Refresh End
Application.AssetDatabase.Refresh Start
Application.AssetDatabase.Refresh End
RefreshInfo: StopAssetImportingV2(ForceSynchronousImport) scanfilter: 
RefreshProfiler: Total: 0.000ms
Launching external process: /Applications/Unity/Hub/Editor/2020.3.28f1/Unity.app/Contents/Tools/UnityShaderCompiler
Launched and connected shader compiler UnityShaderCompiler after 0.02 seconds
Initializing Unity extensions:
2022-02-21 18:21:43.936 Unity[67006:791087] NSEventModifierFlagFunction specified to -setKeyEquivalentModifierMask: for item <NSMenuItem: 0x60000065ac30 Font Asset, ke='Command-F12'>, but is only supported for system-provided menu items; will not be used
2022-02-21 18:21:43.939 Unity[67006:791087] NSEventModifierFlagFunction specified to -setKeyEquivalentModifierMask: for item <NSMenuItem: 0x60000062a3e0 Font Asset, ke='Command-F12'>, but is only supported for system-provided menu items; will not be used
========================================================================
Worker process is ready to serve import requests
Refreshing native plugins compatible for Editor in 0.34 ms, found 2 plugins.
Preloading 0 native plugins for Editor in 0.00 ms.
Unloading 1503 Unused Serialized files (Serialized files now loaded: 0)
System memory in use before: 251.1 MB.
System memory in use after: 250.2 MB.

Unloading 80 unused Assets to reduce memory usage. Loaded Objects now: 1982.
Total: 2.320458 ms (FindLiveObjects: 0.067833 ms CreateObjectMapping: 0.029000 ms MarkObjects: 1.822583 ms  DeleteObjects: 0.400167 ms)

AssetImportParameters requested are different than current active one (requested -> active):
  custom:video-decoder-ogg-theora: a1e56fd34408186e4bbccfd4996cb3dc -> 
  custom:container-muxer-webm: aa71ff27fc2769a1b78a27578f13a17b -> 
  custom:container-demuxer-webm: 4f35f7cbe854078d1ac9338744f61a02 -> 
  custom:container-demuxer-ogg: 62fdf1f143b41e24485cea50d1cbac27 -> 
  custom:video-encoder-webm-vp8: eb34c28f22e8b96e1ab97ce403110664 -> 
  custom:framework-osx-AVFoundation: e770b220cccbd017edd2c1fefb359320 -> 
  custom:video-decoder-webm-vp8: 9c59270c3fd7afecdb556c50c9e8de78 -> 
  custom:audio-decoder-ogg-vorbis: bf7c407c2cedff20999df2af8eb42d56 -> 
  custom:audio-encoder-webm-vorbis: bf7c407c2cedff20999df2af8eb42d56 -> 
========================================================================
Received Import Request.
  path: Assets/Clases/1_05B.unity
  artifactKey: Guid(70a879a3d08c64e21a9bb5a01110f8ea) Importer(815301076,1909f56bfc062723c751e8b465ee728b)
Start importing Assets/Clases/1_05B.unity using Guid(70a879a3d08c64e21a9bb5a01110f8ea) Importer(815301076,1909f56bfc062723c751e8b465ee728b)  -> (artifact id: 'eb28e59f01f7247c075824fc0eaff5fa') in 0.017150 seconds 
  Import took 0.019002 seconds .

========================================================================
Received Import Request.
  Time since last request: 0.000306 seconds.
  path: Assets/Clases/1_02A.unity
  artifactKey: Guid(120e6718c4db24879ab97eeaf0922646) Importer(815301076,1909f56bfc062723c751e8b465ee728b)
Start importing Assets/Clases/1_02A.unity using Guid(120e6718c4db24879ab97eeaf0922646) Importer(815301076,1909f56bfc062723c751e8b465ee728b)  -> (artifact id: '78fc8a14ed3cd1b0ab41f9f40a42c704') in 0.000894 seconds 
  Import took 0.002363 seconds .

========================================================================
Received Import Request.
  Time since last request: 0.000270 seconds.
  path: Assets/Clases/1_05_Fuego.unity
  artifactKey: Guid(0b52263cc3c234f2aa3fc1cb00c602fa) Importer(815301076,1909f56bfc062723c751e8b465ee728b)
Start importing Assets/Clases/1_05_Fuego.unity using Guid(0b52263cc3c234f2aa3fc1cb00c602fa) Importer(815301076,1909f56bfc062723c751e8b465ee728b)  -> (artifact id: '5a4af9d4d27ea595f234c4b98397d5b5') in 0.000790 seconds 
  Import took 0.002167 seconds .

========================================================================
Received Import Request.
  Time since last request: 1.428248 seconds.
  path: Assets/Clases/1_06_Fuego.unity
  artifactKey: Guid(0b52263cc3c234f2aa3fc1cb00c602fa) Importer(815301076,1909f56bfc062723c751e8b465ee728b)
Start importing Assets/Clases/1_06_Fuego.unity using Guid(0b52263cc3c234f2aa3fc1cb00c602fa) Importer(815301076,1909f56bfc062723c751e8b465ee728b)  -> (artifact id: 'f84ae2ec32f85f16981d7682823a1481') in 0.000969 seconds 
  Import took 0.002701 seconds .

