Unity Editor version:    2020.3.28f1 (f5400f52e03f)
Branch:                  2020.3/staging
Build type:              Release
Batch mode:              YES
macOS version:           Version 12.2.1 (Build 21D62)
Darwin version:          21.3.0
Architecture:            x86_64
Running under Rosetta:   YES
Available memory:        16384 MB
Using pre-set license
Pro License: NO

COMMAND LINE ARGUMENTS:
/Applications/Unity/Hub/Editor/2020.3.28f1/Unity.app/Contents/MacOS/Unity
-adb2
-batchMode
-noUpm
-name
AssetImportWorker0
-projectPath
/Users/ang/Documents/GitHub/AnimacionParticulas_C12022/AprendiendoParticulas
-logFile
Logs/AssetImportWorker0.log
-srvPort
54007
Successfully changed project path to: /Users/ang/Documents/GitHub/AnimacionParticulas_C12022/AprendiendoParticulas
/Users/ang/Documents/GitHub/AnimacionParticulas_C12022/AprendiendoParticulas
Using Asset Import Pipeline V2.
Refreshing native plugins compatible for Editor in 30.42 ms, found 2 plugins.
Preloading 0 native plugins for Editor in 0.00 ms.
Initialize engine version: 2020.3.28f1 (f5400f52e03f)
[Subsystems] Discovering subsystems at path /Applications/Unity/Hub/Editor/2020.3.28f1/Unity.app/Contents/Resources/UnitySubsystems
[Subsystems] Discovering subsystems at path /Users/ang/Documents/GitHub/AnimacionParticulas_C12022/AprendiendoParticulas/Assets
GfxDevice: creating device client; threaded=0
2022-03-10 17:10:51.142 Unity[7010:227987] (null) preferred device: Apple M1 Pro (high power)
2022-03-10 17:10:51.142 Unity[7010:227987] Metal devices available: 1
2022-03-10 17:10:51.142 Unity[7010:227987] 0: Apple M1 Pro (high power)
2022-03-10 17:10:51.142 Unity[7010:227987] Using device Apple M1 Pro (high power)
Initializing Metal device caps: Apple M1 Pro
Initialize mono
Mono path[0] = '/Applications/Unity/Hub/Editor/2020.3.28f1/Unity.app/Contents/Managed'
Mono path[1] = '/Applications/Unity/Hub/Editor/2020.3.28f1/Unity.app/Contents/MonoBleedingEdge/lib/mono/unityjit'
Mono config path = '/Applications/Unity/Hub/Editor/2020.3.28f1/Unity.app/Contents/MonoBleedingEdge/etc'
Using monoOptions --debugger-agent=transport=dt_socket,embedding=1,server=y,suspend=n,address=127.0.0.1:56010
Begin MonoManager ReloadAssembly
Registering precompiled unity dll's ...
Register platform support module: /Applications/Unity/Hub/Editor/2020.3.28f1/PlaybackEngines/WebGLSupport/UnityEditor.WebGL.Extensions.dll
Register platform support module: /Applications/Unity/Hub/Editor/2020.3.28f1/Unity.app/Contents/PlaybackEngines/MacStandaloneSupport/UnityEditor.OSXStandalone.Extensions.dll
Register platform support module: /Applications/Unity/Hub/Editor/2020.3.28f1/PlaybackEngines/WindowsStandaloneSupport/UnityEditor.WindowsStandalone.Extensions.dll
Registered in 0.002673 seconds.
Native extension for WindowsStandalone target not found
Native extension for OSXStandalone target not found
Native extension for WebGL target not found
Refreshing native plugins compatible for Editor in 30.59 ms, found 2 plugins.
Preloading 0 native plugins for Editor in 0.00 ms.
Mono: successfully reloaded assembly
- Completed reload, in  1.324 seconds
Domain Reload Profiling:
	ReloadAssembly (1324ms)
		BeginReloadAssembly (117ms)
			ExecutionOrderSort (0ms)
			DisableScriptedObjects (0ms)
			BackupInstance (0ms)
			ReleaseScriptingObjects (0ms)
			CreateAndSetChildDomain (3ms)
		EndReloadAssembly (1091ms)
			LoadAssemblies (115ms)
			RebuildTransferFunctionScriptingTraits (0ms)
			SetupTypeCache (182ms)
			ReleaseScriptCaches (0ms)
			RebuildScriptCaches (43ms)
			SetupLoadedEditorAssemblies (567ms)
				LogAssemblyErrors (0ms)
				InitializePlatformSupportModulesInManaged (17ms)
				SetLoadedEditorAssemblies (0ms)
				RefreshPlugins (31ms)
				BeforeProcessingInitializeOnLoad (85ms)
				ProcessInitializeOnLoadAttributes (326ms)
				ProcessInitializeOnLoadMethodAttributes (108ms)
				AfterProcessingInitializeOnLoad (0ms)
				EditorAssembliesLoaded (1ms)
			ExecutionOrderSort2 (0ms)
			AwakeInstancesAfterBackupRestoration (0ms)
Platform modules already initialized, skipping
Registering precompiled user dll's ...
Registered in 0.003658 seconds.
Begin MonoManager ReloadAssembly
Native extension for WindowsStandalone target not found
Native extension for OSXStandalone target not found
Native extension for WebGL target not found
Refreshing native plugins compatible for Editor in 0.37 ms, found 2 plugins.
Preloading 0 native plugins for Editor in 0.00 ms.
Mono: successfully reloaded assembly
- Completed reload, in  2.236 seconds
Domain Reload Profiling:
	ReloadAssembly (2238ms)
		BeginReloadAssembly (260ms)
			ExecutionOrderSort (0ms)
			DisableScriptedObjects (32ms)
			BackupInstance (0ms)
			ReleaseScriptingObjects (0ms)
			CreateAndSetChildDomain (34ms)
		EndReloadAssembly (1888ms)
			LoadAssemblies (205ms)
			RebuildTransferFunctionScriptingTraits (0ms)
			SetupTypeCache (339ms)
			ReleaseScriptCaches (0ms)
			RebuildScriptCaches (53ms)
			SetupLoadedEditorAssemblies (1046ms)
				LogAssemblyErrors (0ms)
				InitializePlatformSupportModulesInManaged (19ms)
				SetLoadedEditorAssemblies (2ms)
				RefreshPlugins (0ms)
				BeforeProcessingInitializeOnLoad (202ms)
				ProcessInitializeOnLoadAttributes (794ms)
				ProcessInitializeOnLoadMethodAttributes (28ms)
				AfterProcessingInitializeOnLoad (1ms)
				EditorAssembliesLoaded (0ms)
			ExecutionOrderSort2 (0ms)
			AwakeInstancesAfterBackupRestoration (31ms)
Platform modules already initialized, skipping
Validating Project structure ... 0.000886 seconds.
Shader import version has changed; will reimport all shaders...
Upgrading shader files ...0.000784 seconds.
Application.AssetDatabase Initial Script Refresh Start
RefreshInfo: InitialScriptRefreshV2(NoUpdateAssetOptions) scanfilter:  ... 1 filters
RefreshProfiler: Total: 0.000ms
Application.AssetDatabase Initial Script Refresh End
Application.AssetDatabase.Refresh Start
Application.AssetDatabase.Refresh End
RefreshInfo: StopAssetImportingV2(ForceSynchronousImport) scanfilter: 
RefreshProfiler: Total: 0.000ms
Launching external process: /Applications/Unity/Hub/Editor/2020.3.28f1/Unity.app/Contents/Tools/UnityShaderCompiler
Launched and connected shader compiler UnityShaderCompiler after 0.02 seconds
Initializing Unity extensions:
2022-03-10 17:10:56.442 Unity[7010:227987] NSEventModifierFlagFunction specified to -setKeyEquivalentModifierMask: for item <NSMenuItem: 0x60000272dea0 Font Asset, ke='Command-F12'>, but is only supported for system-provided menu items; will not be used
2022-03-10 17:10:56.445 Unity[7010:227987] NSEventModifierFlagFunction specified to -setKeyEquivalentModifierMask: for item <NSMenuItem: 0x60000275d9d0 Font Asset, ke='Command-F12'>, but is only supported for system-provided menu items; will not be used
========================================================================
Worker process is ready to serve import requests
Refreshing native plugins compatible for Editor in 0.36 ms, found 2 plugins.
Preloading 0 native plugins for Editor in 0.00 ms.
Unloading 1503 Unused Serialized files (Serialized files now loaded: 0)
System memory in use before: 252.8 MB.
System memory in use after: 252.0 MB.

Unloading 80 unused Assets to reduce memory usage. Loaded Objects now: 1982.
Total: 2.515834 ms (FindLiveObjects: 0.093875 ms CreateObjectMapping: 0.031875 ms MarkObjects: 1.966959 ms  DeleteObjects: 0.422000 ms)

AssetImportParameters requested are different than current active one (requested -> active):
  custom:video-decoder-ogg-theora: a1e56fd34408186e4bbccfd4996cb3dc -> 
  custom:container-muxer-webm: aa71ff27fc2769a1b78a27578f13a17b -> 
  custom:container-demuxer-webm: 4f35f7cbe854078d1ac9338744f61a02 -> 
  custom:container-demuxer-ogg: 62fdf1f143b41e24485cea50d1cbac27 -> 
  custom:video-encoder-webm-vp8: eb34c28f22e8b96e1ab97ce403110664 -> 
  custom:framework-osx-AVFoundation: e770b220cccbd017edd2c1fefb359320 -> 
  custom:video-decoder-webm-vp8: 9c59270c3fd7afecdb556c50c9e8de78 -> 
  custom:audio-decoder-ogg-vorbis: bf7c407c2cedff20999df2af8eb42d56 -> 
  custom:audio-encoder-webm-vorbis: bf7c407c2cedff20999df2af8eb42d56 -> 
========================================================================
Received Import Request.
  path: Assets/Gun.prefab
  artifactKey: Guid(b13613f778d5bfe4a93b6944958849f6) Importer(815301076,1909f56bfc062723c751e8b465ee728b)
Start importing Assets/Gun.prefab using Guid(b13613f778d5bfe4a93b6944958849f6) Importer(815301076,1909f56bfc062723c751e8b465ee728b)  -> (artifact id: 'fc9f2dd16b6d344cccd7942949ed683e') in 0.297483 seconds 
  Import took 0.302154 seconds .

========================================================================
Received Import Request.
  Time since last request: 0.001011 seconds.
  path: Assets/Cube.prefab
  artifactKey: Guid(20c2ce3d928f1c741bf7315f072c4111) Importer(815301076,1909f56bfc062723c751e8b465ee728b)
Start importing Assets/Cube.prefab using Guid(20c2ce3d928f1c741bf7315f072c4111) Importer(815301076,1909f56bfc062723c751e8b465ee728b)  -> (artifact id: 'ad2e2767ba52b2dab687bd1a69fe2c6b') in 0.062095 seconds 
  Import took 0.063897 seconds .

========================================================================
Received Import Request.
  Time since last request: 0.000280 seconds.
  path: Assets/Haz.prefab
  artifactKey: Guid(5ec34aa08a3e01243862d93111a13bad) Importer(815301076,1909f56bfc062723c751e8b465ee728b)
Start importing Assets/Haz.prefab using Guid(5ec34aa08a3e01243862d93111a13bad) Importer(815301076,1909f56bfc062723c751e8b465ee728b)  -> (artifact id: '135d05bd6310a25506404e085b9ae84c') in 0.012529 seconds 
  Import took 0.014748 seconds .

========================================================================
Received Import Request.
  Time since last request: 0.000258 seconds.
  path: Assets/PSystemWork.prefab
  artifactKey: Guid(06fe7256d06ec4c4cbf6768e7c560e9e) Importer(815301076,1909f56bfc062723c751e8b465ee728b)
Start importing Assets/PSystemWork.prefab using Guid(06fe7256d06ec4c4cbf6768e7c560e9e) Importer(815301076,1909f56bfc062723c751e8b465ee728b)  -> (artifact id: '88e5fcab6878683915b5224541b72c56') in 0.007608 seconds 
  Import took 0.009567 seconds .

========================================================================
Received Import Request.
  Time since last request: 0.000246 seconds.
  path: Assets/Electricity.prefab
  artifactKey: Guid(a8ee2829c11aef349bea6c5988185afd) Importer(815301076,1909f56bfc062723c751e8b465ee728b)
Start importing Assets/Electricity.prefab using Guid(a8ee2829c11aef349bea6c5988185afd) Importer(815301076,1909f56bfc062723c751e8b465ee728b)  -> (artifact id: '48b46ec63a37425c66fa7514b097e4b2') in 0.006933 seconds 
  Import took 0.009067 seconds .

========================================================================
Received Import Request.
  Time since last request: 71.402953 seconds.
  path: Assets/Clases/Proyecto U1.unity
  artifactKey: Guid(c3d7e3b624a7a42629f223834087ea9a) Importer(815301076,1909f56bfc062723c751e8b465ee728b)
Start importing Assets/Clases/Proyecto U1.unity using Guid(c3d7e3b624a7a42629f223834087ea9a) Importer(815301076,1909f56bfc062723c751e8b465ee728b)  -> (artifact id: '980e17c1fccb28093be89426095cabb8') in 0.001283 seconds 
  Import took 0.003114 seconds .

